2024-11-15T10:19:22.117Z P:7212 T:5976] SyncServiceImpl::ResetEngine,Reset engine with reason: 8
2024-11-15T10:19:22.117Z P:7212 T:5976] ModelLoadManager::Stop,Stopped: Bookmarks
2024-11-15T10:19:22.117Z P:7212 T:5976] ModelLoadManager::Stop,Stopped: Preferences
2024-11-15T10:19:22.117Z P:7212 T:5976] ModelLoadManager::Stop,Stopped: Passwords
2024-11-15T10:19:22.117Z P:7212 T:5976] ModelLoadManager::Stop,Stopped: Autofill Profiles
2024-11-15T10:19:22.117Z P:7212 T:5976] ModelLoadManager::Stop,Stopped: Autofill
2024-11-15T10:19:22.117Z P:7212 T:5976] ModelLoadManager::Stop,Stopped: Typed URLs
2024-11-15T10:19:22.117Z P:7212 T:5976] ModelLoadManager::Stop,Stopped: Extensions
2024-11-15T10:19:22.117Z P:7212 T:5976] ModelLoadManager::Stop,Stopped: Sessions
2024-11-15T10:19:22.117Z P:7212 T:5976] ModelLoadManager::Stop,Stopped: Extension settings
2024-11-15T10:19:22.117Z P:7212 T:5976] ModelLoadManager::Stop,Stopped: History Delete Directives
2024-11-15T10:19:22.117Z P:7212 T:5976] ModelLoadManager::Stop,Stopped: Device Info
2024-11-15T10:19:22.117Z P:7212 T:5976] ModelLoadManager::Stop,Stopped: User Consents
2024-11-15T10:19:22.117Z P:7212 T:5976] ModelLoadManager::Stop,Stopped: Send Tab To Self
2024-11-15T10:19:22.117Z P:7212 T:5976] ModelLoadManager::Stop,Stopped: Web Apps
2024-11-15T10:19:22.117Z P:7212 T:5976] ModelLoadManager::Stop,Stopped: History
2024-11-15T10:19:22.117Z P:7212 T:5976] ModelLoadManager::Stop,Stopped: Collection
2024-11-15T10:19:22.117Z P:7212 T:5976] ModelLoadManager::Stop,Stopped: Edge E Drop
2024-11-15T10:19:22.117Z P:7212 T:5976] ModelLoadManager::Stop,Stopped: Edge Hub App Usage
2024-11-15T10:19:22.117Z P:7212 T:5976] ModelLoadManager::Stop,Stopped: Edge Tab Group
2024-11-15T10:19:22.117Z P:7212 T:5976] ModelLoadManager::Stop,Stopped: Edge Wallet
2024-11-15T10:19:22.117Z P:7212 T:5976] SyncServiceImpl::Initialize,SyncState after authenticated was: NotSignedIn
2024-11-15T10:19:22.117Z P:7212 T:5976] SyncServiceImpl::ResetEngine,Reset engine with reason: 3
2024-11-15T10:19:22.117Z P:7212 T:5976] ModelLoadManager::Stop,Stopped: Bookmarks
2024-11-15T10:19:22.117Z P:7212 T:5976] ModelLoadManager::Stop,Stopped: Preferences
2024-11-15T10:19:22.117Z P:7212 T:5976] ModelLoadManager::Stop,Stopped: Passwords
2024-11-15T10:19:22.117Z P:7212 T:5976] ModelLoadManager::Stop,Stopped: Autofill Profiles
2024-11-15T10:19:22.117Z P:7212 T:5976] ModelLoadManager::Stop,Stopped: Autofill
2024-11-15T10:19:22.117Z P:7212 T:5976] ModelLoadManager::Stop,Stopped: Typed URLs
2024-11-15T10:19:22.117Z P:7212 T:5976] ModelLoadManager::Stop,Stopped: Extensions
2024-11-15T10:19:22.117Z P:7212 T:5976] ModelLoadManager::Stop,Stopped: Sessions
2024-11-15T10:19:22.117Z P:7212 T:5976] ModelLoadManager::Stop,Stopped: Extension settings
2024-11-15T10:19:22.117Z P:7212 T:5976] ModelLoadManager::Stop,Stopped: History Delete Directives
2024-11-15T10:19:22.117Z P:7212 T:5976] ModelLoadManager::Stop,Stopped: Device Info
2024-11-15T10:19:22.117Z P:7212 T:5976] ModelLoadManager::Stop,Stopped: User Consents
2024-11-15T10:19:22.117Z P:7212 T:5976] ModelLoadManager::Stop,Stopped: Send Tab To Self
2024-11-15T10:19:22.117Z P:7212 T:5976] ModelLoadManager::Stop,Stopped: Web Apps
2024-11-15T10:19:22.117Z P:7212 T:5976] ModelLoadManager::Stop,Stopped: History
2024-11-15T10:19:22.118Z P:7212 T:5976] ModelLoadManager::Stop,Stopped: Collection
2024-11-15T10:19:22.118Z P:7212 T:5976] ModelLoadManager::Stop,Stopped: Edge E Drop
2024-11-15T10:19:22.118Z P:7212 T:5976] ModelLoadManager::Stop,Stopped: Edge Hub App Usage
2024-11-15T10:19:22.118Z P:7212 T:5976] ModelLoadManager::Stop,Stopped: Edge Tab Group
2024-11-15T10:19:22.118Z P:7212 T:5976] ModelLoadManager::Stop,Stopped: Edge Wallet
2024-11-15T10:19:22.565Z P:7212 T:5976] SyncServiceImpl::ResetEngine,Reset engine with reason: 8
2024-11-15T10:19:22.565Z P:7212 T:5976] ModelLoadManager::Stop,Stopped: Bookmarks
2024-11-15T10:19:22.565Z P:7212 T:5976] ModelLoadManager::Stop,Stopped: Preferences
2024-11-15T10:19:22.565Z P:7212 T:5976] ModelLoadManager::Stop,Stopped: Passwords
2024-11-15T10:19:22.565Z P:7212 T:5976] ModelLoadManager::Stop,Stopped: Autofill Profiles
2024-11-15T10:19:22.565Z P:7212 T:5976] ModelLoadManager::Stop,Stopped: Autofill
2024-11-15T10:19:22.565Z P:7212 T:5976] ModelLoadManager::Stop,Stopped: Typed URLs
2024-11-15T10:19:22.565Z P:7212 T:5976] ModelLoadManager::Stop,Stopped: Extensions
2024-11-15T10:19:22.565Z P:7212 T:5976] ModelLoadManager::Stop,Stopped: Sessions
2024-11-15T10:19:22.565Z P:7212 T:5976] ModelLoadManager::Stop,Stopped: Extension settings
2024-11-15T10:19:22.565Z P:7212 T:5976] ModelLoadManager::Stop,Stopped: History Delete Directives
2024-11-15T10:19:22.565Z P:7212 T:5976] ModelLoadManager::Stop,Stopped: Device Info
2024-11-15T10:19:22.565Z P:7212 T:5976] ModelLoadManager::Stop,Stopped: User Consents
2024-11-15T10:19:22.565Z P:7212 T:5976] ModelLoadManager::Stop,Stopped: Send Tab To Self
2024-11-15T10:19:22.565Z P:7212 T:5976] ModelLoadManager::Stop,Stopped: Web Apps
2024-11-15T10:19:22.565Z P:7212 T:5976] ModelLoadManager::Stop,Stopped: History
2024-11-15T10:19:22.565Z P:7212 T:5976] ModelLoadManager::Stop,Stopped: Collection
2024-11-15T10:19:22.565Z P:7212 T:5976] ModelLoadManager::Stop,Stopped: Edge E Drop
2024-11-15T10:19:22.565Z P:7212 T:5976] ModelLoadManager::Stop,Stopped: Edge Hub App Usage
2024-11-15T10:19:22.565Z P:7212 T:5976] ModelLoadManager::Stop,Stopped: Edge Tab Group
2024-11-15T10:19:22.565Z P:7212 T:5976] ModelLoadManager::Stop,Stopped: Edge Wallet
2024-11-15T11:29:37.701Z P:7212 T:5976] SyncServiceImpl::ResetEngine,Reset engine with reason: 0
2024-11-16T07:43:12.170Z P:10668 T:6632] SyncServiceImpl::ResetEngine,Reset engine with reason: 8
2024-11-16T07:43:12.170Z P:10668 T:6632] ModelLoadManager::Stop,Stopped: Bookmarks
2024-11-16T07:43:12.170Z P:10668 T:6632] ModelLoadManager::Stop,Stopped: Preferences
2024-11-16T07:43:12.170Z P:10668 T:6632] ModelLoadManager::Stop,Stopped: Passwords
2024-11-16T07:43:12.170Z P:10668 T:6632] ModelLoadManager::Stop,Stopped: Autofill Profiles
2024-11-16T07:43:12.170Z P:10668 T:6632] ModelLoadManager::Stop,Stopped: Autofill
2024-11-16T07:43:12.170Z P:10668 T:6632] ModelLoadManager::Stop,Stopped: Typed URLs
2024-11-16T07:43:12.170Z P:10668 T:6632] ModelLoadManager::Stop,Stopped: Extensions
2024-11-16T07:43:12.170Z P:10668 T:6632] ModelLoadManager::Stop,Stopped: Sessions
2024-11-16T07:43:12.170Z P:10668 T:6632] ModelLoadManager::Stop,Stopped: Extension settings
2024-11-16T07:43:12.170Z P:10668 T:6632] ModelLoadManager::Stop,Stopped: History Delete Directives
2024-11-16T07:43:12.170Z P:10668 T:6632] ModelLoadManager::Stop,Stopped: Device Info
2024-11-16T07:43:12.170Z P:10668 T:6632] ModelLoadManager::Stop,Stopped: User Consents
2024-11-16T07:43:12.170Z P:10668 T:6632] ModelLoadManager::Stop,Stopped: Send Tab To Self
2024-11-16T07:43:12.170Z P:10668 T:6632] ModelLoadManager::Stop,Stopped: Web Apps
2024-11-16T07:43:12.170Z P:10668 T:6632] ModelLoadManager::Stop,Stopped: History
2024-11-16T07:43:12.170Z P:10668 T:6632] ModelLoadManager::Stop,Stopped: Collection
2024-11-16T07:43:12.170Z P:10668 T:6632] ModelLoadManager::Stop,Stopped: Edge E Drop
2024-11-16T07:43:12.170Z P:10668 T:6632] ModelLoadManager::Stop,Stopped: Edge Hub App Usage
2024-11-16T07:43:12.170Z P:10668 T:6632] ModelLoadManager::Stop,Stopped: Edge Tab Group
2024-11-16T07:43:12.170Z P:10668 T:6632] ModelLoadManager::Stop,Stopped: Edge Wallet
2024-11-16T07:43:12.170Z P:10668 T:6632] SyncServiceImpl::Initialize,SyncState after authenticated was: NotSignedIn
2024-11-16T07:43:15.186Z P:10668 T:6632] SyncServiceImpl::ResetEngine,Reset engine with reason: 8
2024-11-16T07:43:15.186Z P:10668 T:6632] ModelLoadManager::Stop,Stopped: Bookmarks
2024-11-16T07:43:15.186Z P:10668 T:6632] ModelLoadManager::Stop,Stopped: Preferences
2024-11-16T07:43:15.186Z P:10668 T:6632] ModelLoadManager::Stop,Stopped: Passwords
2024-11-16T07:43:15.186Z P:10668 T:6632] ModelLoadManager::Stop,Stopped: Autofill Profiles
2024-11-16T07:43:15.186Z P:10668 T:6632] ModelLoadManager::Stop,Stopped: Autofill
2024-11-16T07:43:15.186Z P:10668 T:6632] ModelLoadManager::Stop,Stopped: Typed URLs
2024-11-16T07:43:15.186Z P:10668 T:6632] ModelLoadManager::Stop,Stopped: Extensions
2024-11-16T07:43:15.186Z P:10668 T:6632] ModelLoadManager::Stop,Stopped: Sessions
2024-11-16T07:43:15.186Z P:10668 T:6632] ModelLoadManager::Stop,Stopped: Extension settings
2024-11-16T07:43:15.186Z P:10668 T:6632] ModelLoadManager::Stop,Stopped: History Delete Directives
2024-11-16T07:43:15.186Z P:10668 T:6632] ModelLoadManager::Stop,Stopped: Device Info
2024-11-16T07:43:15.186Z P:10668 T:6632] ModelLoadManager::Stop,Stopped: User Consents
2024-11-16T07:43:15.186Z P:10668 T:6632] ModelLoadManager::Stop,Stopped: Send Tab To Self
2024-11-16T07:43:15.186Z P:10668 T:6632] ModelLoadManager::Stop,Stopped: Web Apps
2024-11-16T07:43:15.186Z P:10668 T:6632] ModelLoadManager::Stop,Stopped: History
2024-11-16T07:43:15.186Z P:10668 T:6632] ModelLoadManager::Stop,Stopped: Collection
2024-11-16T07:43:15.186Z P:10668 T:6632] ModelLoadManager::Stop,Stopped: Edge E Drop
2024-11-16T07:43:15.186Z P:10668 T:6632] ModelLoadManager::Stop,Stopped: Edge Hub App Usage
2024-11-16T07:43:15.186Z P:10668 T:6632] ModelLoadManager::Stop,Stopped: Edge Tab Group
2024-11-16T07:43:15.186Z P:10668 T:6632] ModelLoadManager::Stop,Stopped: Edge Wallet
2024-11-16T08:14:33.566Z P:3936 T:5960] SyncServiceImpl::ResetEngine,Reset engine with reason: 8
2024-11-16T08:14:33.566Z P:3936 T:5960] ModelLoadManager::Stop,Stopped: Bookmarks
2024-11-16T08:14:33.566Z P:3936 T:5960] ModelLoadManager::Stop,Stopped: Preferences
2024-11-16T08:14:33.566Z P:3936 T:5960] ModelLoadManager::Stop,Stopped: Passwords
2024-11-16T08:14:33.566Z P:3936 T:5960] ModelLoadManager::Stop,Stopped: Autofill Profiles
2024-11-16T08:14:33.566Z P:3936 T:5960] ModelLoadManager::Stop,Stopped: Autofill
2024-11-16T08:14:33.566Z P:3936 T:5960] ModelLoadManager::Stop,Stopped: Typed URLs
2024-11-16T08:14:33.566Z P:3936 T:5960] ModelLoadManager::Stop,Stopped: Extensions
2024-11-16T08:14:33.566Z P:3936 T:5960] ModelLoadManager::Stop,Stopped: Sessions
2024-11-16T08:14:33.566Z P:3936 T:5960] ModelLoadManager::Stop,Stopped: Extension settings
2024-11-16T08:14:33.566Z P:3936 T:5960] ModelLoadManager::Stop,Stopped: History Delete Directives
2024-11-16T08:14:33.566Z P:3936 T:5960] ModelLoadManager::Stop,Stopped: Device Info
2024-11-16T08:14:33.566Z P:3936 T:5960] ModelLoadManager::Stop,Stopped: User Consents
2024-11-16T08:14:33.566Z P:3936 T:5960] ModelLoadManager::Stop,Stopped: Send Tab To Self
2024-11-16T08:14:33.566Z P:3936 T:5960] ModelLoadManager::Stop,Stopped: Web Apps
2024-11-16T08:14:33.566Z P:3936 T:5960] ModelLoadManager::Stop,Stopped: History
2024-11-16T08:14:33.566Z P:3936 T:5960] ModelLoadManager::Stop,Stopped: Collection
2024-11-16T08:14:33.566Z P:3936 T:5960] ModelLoadManager::Stop,Stopped: Edge E Drop
2024-11-16T08:14:33.566Z P:3936 T:5960] ModelLoadManager::Stop,Stopped: Edge Hub App Usage
2024-11-16T08:14:33.566Z P:3936 T:5960] ModelLoadManager::Stop,Stopped: Edge Tab Group
2024-11-16T08:14:33.566Z P:3936 T:5960] ModelLoadManager::Stop,Stopped: Edge Wallet
2024-11-16T08:14:33.566Z P:3936 T:5960] SyncServiceImpl::Initialize,SyncState after authenticated was: NotSignedIn
2024-11-16T08:14:35.835Z P:3936 T:5960] SyncServiceImpl::ResetEngine,Reset engine with reason: 8
2024-11-16T08:14:35.835Z P:3936 T:5960] ModelLoadManager::Stop,Stopped: Bookmarks
2024-11-16T08:14:35.835Z P:3936 T:5960] ModelLoadManager::Stop,Stopped: Preferences
2024-11-16T08:14:35.835Z P:3936 T:5960] ModelLoadManager::Stop,Stopped: Passwords
2024-11-16T08:14:35.835Z P:3936 T:5960] ModelLoadManager::Stop,Stopped: Autofill Profiles
2024-11-16T08:14:35.835Z P:3936 T:5960] ModelLoadManager::Stop,Stopped: Autofill
2024-11-16T08:14:35.835Z P:3936 T:5960] ModelLoadManager::Stop,Stopped: Typed URLs
2024-11-16T08:14:35.835Z P:3936 T:5960] ModelLoadManager::Stop,Stopped: Extensions
2024-11-16T08:14:35.835Z P:3936 T:5960] ModelLoadManager::Stop,Stopped: Sessions
2024-11-16T08:14:35.835Z P:3936 T:5960] ModelLoadManager::Stop,Stopped: Extension settings
2024-11-16T08:14:35.835Z P:3936 T:5960] ModelLoadManager::Stop,Stopped: History Delete Directives
2024-11-16T08:14:35.835Z P:3936 T:5960] ModelLoadManager::Stop,Stopped: Device Info
2024-11-16T08:14:35.835Z P:3936 T:5960] ModelLoadManager::Stop,Stopped: User Consents
2024-11-16T08:14:35.835Z P:3936 T:5960] ModelLoadManager::Stop,Stopped: Send Tab To Self
2024-11-16T08:14:35.835Z P:3936 T:5960] ModelLoadManager::Stop,Stopped: Web Apps
2024-11-16T08:14:35.835Z P:3936 T:5960] ModelLoadManager::Stop,Stopped: History
2024-11-16T08:14:35.835Z P:3936 T:5960] ModelLoadManager::Stop,Stopped: Collection
2024-11-16T08:14:35.835Z P:3936 T:5960] ModelLoadManager::Stop,Stopped: Edge E Drop
2024-11-16T08:14:35.835Z P:3936 T:5960] ModelLoadManager::Stop,Stopped: Edge Hub App Usage
2024-11-16T08:14:35.835Z P:3936 T:5960] ModelLoadManager::Stop,Stopped: Edge Tab Group
2024-11-16T08:14:35.835Z P:3936 T:5960] ModelLoadManager::Stop,Stopped: Edge Wallet
2024-11-16T08:42:49.039Z P:3484 T:6368] SyncServiceImpl::ResetEngine,Reset engine with reason: 8
2024-11-16T08:42:49.039Z P:3484 T:6368] ModelLoadManager::Stop,Stopped: Bookmarks
2024-11-16T08:42:49.039Z P:3484 T:6368] ModelLoadManager::Stop,Stopped: Preferences
2024-11-16T08:42:49.039Z P:3484 T:6368] ModelLoadManager::Stop,Stopped: Passwords
2024-11-16T08:42:49.039Z P:3484 T:6368] ModelLoadManager::Stop,Stopped: Autofill Profiles
2024-11-16T08:42:49.039Z P:3484 T:6368] ModelLoadManager::Stop,Stopped: Autofill
2024-11-16T08:42:49.039Z P:3484 T:6368] ModelLoadManager::Stop,Stopped: Typed URLs
2024-11-16T08:42:49.039Z P:3484 T:6368] ModelLoadManager::Stop,Stopped: Extensions
2024-11-16T08:42:49.039Z P:3484 T:6368] ModelLoadManager::Stop,Stopped: Sessions
2024-11-16T08:42:49.039Z P:3484 T:6368] ModelLoadManager::Stop,Stopped: Extension settings
2024-11-16T08:42:49.039Z P:3484 T:6368] ModelLoadManager::Stop,Stopped: History Delete Directives
2024-11-16T08:42:49.039Z P:3484 T:6368] ModelLoadManager::Stop,Stopped: Device Info
2024-11-16T08:42:49.039Z P:3484 T:6368] ModelLoadManager::Stop,Stopped: User Consents
2024-11-16T08:42:49.039Z P:3484 T:6368] ModelLoadManager::Stop,Stopped: Send Tab To Self
2024-11-16T08:42:49.039Z P:3484 T:6368] ModelLoadManager::Stop,Stopped: Web Apps
2024-11-16T08:42:49.039Z P:3484 T:6368] ModelLoadManager::Stop,Stopped: History
2024-11-16T08:42:49.039Z P:3484 T:6368] ModelLoadManager::Stop,Stopped: Collection
2024-11-16T08:42:49.039Z P:3484 T:6368] ModelLoadManager::Stop,Stopped: Edge E Drop
2024-11-16T08:42:49.039Z P:3484 T:6368] ModelLoadManager::Stop,Stopped: Edge Hub App Usage
2024-11-16T08:42:49.039Z P:3484 T:6368] ModelLoadManager::Stop,Stopped: Edge Tab Group
2024-11-16T08:42:49.039Z P:3484 T:6368] ModelLoadManager::Stop,Stopped: Edge Wallet
2024-11-16T08:42:49.039Z P:3484 T:6368] SyncServiceImpl::Initialize,SyncState after authenticated was: NotSignedIn
2024-11-16T08:42:50.472Z P:3484 T:6368] SyncServiceImpl::ResetEngine,Reset engine with reason: 8
2024-11-16T08:42:50.472Z P:3484 T:6368] ModelLoadManager::Stop,Stopped: Bookmarks
2024-11-16T08:42:50.472Z P:3484 T:6368] ModelLoadManager::Stop,Stopped: Preferences
2024-11-16T08:42:50.472Z P:3484 T:6368] ModelLoadManager::Stop,Stopped: Passwords
2024-11-16T08:42:50.472Z P:3484 T:6368] ModelLoadManager::Stop,Stopped: Autofill Profiles
2024-11-16T08:42:50.472Z P:3484 T:6368] ModelLoadManager::Stop,Stopped: Autofill
2024-11-16T08:42:50.472Z P:3484 T:6368] ModelLoadManager::Stop,Stopped: Typed URLs
2024-11-16T08:42:50.472Z P:3484 T:6368] ModelLoadManager::Stop,Stopped: Extensions
2024-11-16T08:42:50.472Z P:3484 T:6368] ModelLoadManager::Stop,Stopped: Sessions
2024-11-16T08:42:50.472Z P:3484 T:6368] ModelLoadManager::Stop,Stopped: Extension settings
2024-11-16T08:42:50.472Z P:3484 T:6368] ModelLoadManager::Stop,Stopped: History Delete Directives
2024-11-16T08:42:50.472Z P:3484 T:6368] ModelLoadManager::Stop,Stopped: Device Info
2024-11-16T08:42:50.472Z P:3484 T:6368] ModelLoadManager::Stop,Stopped: User Consents
2024-11-16T08:42:50.472Z P:3484 T:6368] ModelLoadManager::Stop,Stopped: Send Tab To Self
2024-11-16T08:42:50.472Z P:3484 T:6368] ModelLoadManager::Stop,Stopped: Web Apps
2024-11-16T08:42:50.472Z P:3484 T:6368] ModelLoadManager::Stop,Stopped: History
2024-11-16T08:42:50.472Z P:3484 T:6368] ModelLoadManager::Stop,Stopped: Collection
2024-11-16T08:42:50.472Z P:3484 T:6368] ModelLoadManager::Stop,Stopped: Edge E Drop
2024-11-16T08:42:50.472Z P:3484 T:6368] ModelLoadManager::Stop,Stopped: Edge Hub App Usage
2024-11-16T08:42:50.472Z P:3484 T:6368] ModelLoadManager::Stop,Stopped: Edge Tab Group
2024-11-16T08:42:50.472Z P:3484 T:6368] ModelLoadManager::Stop,Stopped: Edge Wallet
2024-11-16T13:53:16.052Z P:6940 T:4240] SyncServiceImpl::ResetEngine,Reset engine with reason: 8
2024-11-16T13:53:16.052Z P:6940 T:4240] ModelLoadManager::Stop,Stopped: Bookmarks
2024-11-16T13:53:16.052Z P:6940 T:4240] ModelLoadManager::Stop,Stopped: Preferences
2024-11-16T13:53:16.052Z P:6940 T:4240] ModelLoadManager::Stop,Stopped: Passwords
2024-11-16T13:53:16.052Z P:6940 T:4240] ModelLoadManager::Stop,Stopped: Autofill Profiles
2024-11-16T13:53:16.052Z P:6940 T:4240] ModelLoadManager::Stop,Stopped: Autofill
2024-11-16T13:53:16.052Z P:6940 T:4240] ModelLoadManager::Stop,Stopped: Typed URLs
2024-11-16T13:53:16.052Z P:6940 T:4240] ModelLoadManager::Stop,Stopped: Extensions
2024-11-16T13:53:16.052Z P:6940 T:4240] ModelLoadManager::Stop,Stopped: Sessions
2024-11-16T13:53:16.052Z P:6940 T:4240] ModelLoadManager::Stop,Stopped: Extension settings
2024-11-16T13:53:16.052Z P:6940 T:4240] ModelLoadManager::Stop,Stopped: History Delete Directives
2024-11-16T13:53:16.052Z P:6940 T:4240] ModelLoadManager::Stop,Stopped: Device Info
2024-11-16T13:53:16.052Z P:6940 T:4240] ModelLoadManager::Stop,Stopped: User Consents
2024-11-16T13:53:16.052Z P:6940 T:4240] ModelLoadManager::Stop,Stopped: Send Tab To Self
2024-11-16T13:53:16.052Z P:6940 T:4240] ModelLoadManager::Stop,Stopped: Web Apps
2024-11-16T13:53:16.052Z P:6940 T:4240] ModelLoadManager::Stop,Stopped: History
2024-11-16T13:53:16.052Z P:6940 T:4240] ModelLoadManager::Stop,Stopped: Collection
2024-11-16T13:53:16.052Z P:6940 T:4240] ModelLoadManager::Stop,Stopped: Edge E Drop
2024-11-16T13:53:16.052Z P:6940 T:4240] ModelLoadManager::Stop,Stopped: Edge Hub App Usage
2024-11-16T13:53:16.052Z P:6940 T:4240] ModelLoadManager::Stop,Stopped: Edge Tab Group
2024-11-16T13:53:16.052Z P:6940 T:4240] ModelLoadManager::Stop,Stopped: Edge Wallet
2024-11-16T13:53:16.052Z P:6940 T:4240] SyncServiceImpl::Initialize,SyncState after authenticated was: NotSignedIn
2024-11-16T13:53:17.549Z P:6940 T:4240] SyncServiceImpl::ResetEngine,Reset engine with reason: 8
2024-11-16T13:53:17.549Z P:6940 T:4240] ModelLoadManager::Stop,Stopped: Bookmarks
2024-11-16T13:53:17.549Z P:6940 T:4240] ModelLoadManager::Stop,Stopped: Preferences
2024-11-16T13:53:17.549Z P:6940 T:4240] ModelLoadManager::Stop,Stopped: Passwords
2024-11-16T13:53:17.549Z P:6940 T:4240] ModelLoadManager::Stop,Stopped: Autofill Profiles
2024-11-16T13:53:17.549Z P:6940 T:4240] ModelLoadManager::Stop,Stopped: Autofill
2024-11-16T13:53:17.549Z P:6940 T:4240] ModelLoadManager::Stop,Stopped: Typed URLs
2024-11-16T13:53:17.549Z P:6940 T:4240] ModelLoadManager::Stop,Stopped: Extensions
2024-11-16T13:53:17.549Z P:6940 T:4240] ModelLoadManager::Stop,Stopped: Sessions
2024-11-16T13:53:17.549Z P:6940 T:4240] ModelLoadManager::Stop,Stopped: Extension settings
2024-11-16T13:53:17.549Z P:6940 T:4240] ModelLoadManager::Stop,Stopped: History Delete Directives
2024-11-16T13:53:17.549Z P:6940 T:4240] ModelLoadManager::Stop,Stopped: Device Info
2024-11-16T13:53:17.549Z P:6940 T:4240] ModelLoadManager::Stop,Stopped: User Consents
2024-11-16T13:53:17.549Z P:6940 T:4240] ModelLoadManager::Stop,Stopped: Send Tab To Self
2024-11-16T13:53:17.549Z P:6940 T:4240] ModelLoadManager::Stop,Stopped: Web Apps
2024-11-16T13:53:17.549Z P:6940 T:4240] ModelLoadManager::Stop,Stopped: History
2024-11-16T13:53:17.549Z P:6940 T:4240] ModelLoadManager::Stop,Stopped: Collection
2024-11-16T13:53:17.549Z P:6940 T:4240] ModelLoadManager::Stop,Stopped: Edge E Drop
2024-11-16T13:53:17.549Z P:6940 T:4240] ModelLoadManager::Stop,Stopped: Edge Hub App Usage
2024-11-16T13:53:17.549Z P:6940 T:4240] ModelLoadManager::Stop,Stopped: Edge Tab Group
2024-11-16T13:53:17.549Z P:6940 T:4240] ModelLoadManager::Stop,Stopped: Edge Wallet
2024-11-16T15:23:45.109Z P:8412 T:9284] SyncServiceImpl::ResetEngine,Reset engine with reason: 8
2024-11-16T15:23:45.117Z P:8412 T:9284] ModelLoadManager::Stop,Stopped: Bookmarks
2024-11-16T15:23:45.117Z P:8412 T:9284] ModelLoadManager::Stop,Stopped: Preferences
2024-11-16T15:23:45.117Z P:8412 T:9284] ModelLoadManager::Stop,Stopped: Passwords
2024-11-16T15:23:45.117Z P:8412 T:9284] ModelLoadManager::Stop,Stopped: Autofill Profiles
2024-11-16T15:23:45.117Z P:8412 T:9284] ModelLoadManager::Stop,Stopped: Autofill
2024-11-16T15:23:45.117Z P:8412 T:9284] ModelLoadManager::Stop,Stopped: Typed URLs
2024-11-16T15:23:45.117Z P:8412 T:9284] ModelLoadManager::Stop,Stopped: Extensions
2024-11-16T15:23:45.117Z P:8412 T:9284] ModelLoadManager::Stop,Stopped: Sessions
2024-11-16T15:23:45.117Z P:8412 T:9284] ModelLoadManager::Stop,Stopped: Extension settings
2024-11-16T15:23:45.117Z P:8412 T:9284] ModelLoadManager::Stop,Stopped: History Delete Directives
2024-11-16T15:23:45.117Z P:8412 T:9284] ModelLoadManager::Stop,Stopped: Device Info
2024-11-16T15:23:45.117Z P:8412 T:9284] ModelLoadManager::Stop,Stopped: User Consents
2024-11-16T15:23:45.117Z P:8412 T:9284] ModelLoadManager::Stop,Stopped: Send Tab To Self
2024-11-16T15:23:45.117Z P:8412 T:9284] ModelLoadManager::Stop,Stopped: Web Apps
2024-11-16T15:23:45.117Z P:8412 T:9284] ModelLoadManager::Stop,Stopped: History
2024-11-16T15:23:45.117Z P:8412 T:9284] ModelLoadManager::Stop,Stopped: Collection
2024-11-16T15:23:45.117Z P:8412 T:9284] ModelLoadManager::Stop,Stopped: Edge E Drop
2024-11-16T15:23:45.117Z P:8412 T:9284] ModelLoadManager::Stop,Stopped: Edge Hub App Usage
2024-11-16T15:23:45.117Z P:8412 T:9284] ModelLoadManager::Stop,Stopped: Edge Tab Group
2024-11-16T15:23:45.117Z P:8412 T:9284] ModelLoadManager::Stop,Stopped: Edge Wallet
2024-11-16T15:23:45.118Z P:8412 T:9284] SyncServiceImpl::Initialize,SyncState after authenticated was: NotSignedIn
2024-11-16T15:23:46.911Z P:8412 T:9284] SyncServiceImpl::ResetEngine,Reset engine with reason: 8
2024-11-16T15:23:46.911Z P:8412 T:9284] ModelLoadManager::Stop,Stopped: Bookmarks
2024-11-16T15:23:46.911Z P:8412 T:9284] ModelLoadManager::Stop,Stopped: Preferences
2024-11-16T15:23:46.911Z P:8412 T:9284] ModelLoadManager::Stop,Stopped: Passwords
2024-11-16T15:23:46.911Z P:8412 T:9284] ModelLoadManager::Stop,Stopped: Autofill Profiles
2024-11-16T15:23:46.911Z P:8412 T:9284] ModelLoadManager::Stop,Stopped: Autofill
2024-11-16T15:23:46.911Z P:8412 T:9284] ModelLoadManager::Stop,Stopped: Typed URLs
2024-11-16T15:23:46.911Z P:8412 T:9284] ModelLoadManager::Stop,Stopped: Extensions
2024-11-16T15:23:46.911Z P:8412 T:9284] ModelLoadManager::Stop,Stopped: Sessions
2024-11-16T15:23:46.911Z P:8412 T:9284] ModelLoadManager::Stop,Stopped: Extension settings
2024-11-16T15:23:46.911Z P:8412 T:9284] ModelLoadManager::Stop,Stopped: History Delete Directives
2024-11-16T15:23:46.911Z P:8412 T:9284] ModelLoadManager::Stop,Stopped: Device Info
2024-11-16T15:23:46.911Z P:8412 T:9284] ModelLoadManager::Stop,Stopped: User Consents
2024-11-16T15:23:46.911Z P:8412 T:9284] ModelLoadManager::Stop,Stopped: Send Tab To Self
2024-11-16T15:23:46.911Z P:8412 T:9284] ModelLoadManager::Stop,Stopped: Web Apps
2024-11-16T15:23:46.911Z P:8412 T:9284] ModelLoadManager::Stop,Stopped: History
2024-11-16T15:23:46.911Z P:8412 T:9284] ModelLoadManager::Stop,Stopped: Collection
2024-11-16T15:23:46.911Z P:8412 T:9284] ModelLoadManager::Stop,Stopped: Edge E Drop
2024-11-16T15:23:46.911Z P:8412 T:9284] ModelLoadManager::Stop,Stopped: Edge Hub App Usage
2024-11-16T15:23:46.911Z P:8412 T:9284] ModelLoadManager::Stop,Stopped: Edge Tab Group
2024-11-16T15:23:46.911Z P:8412 T:9284] ModelLoadManager::Stop,Stopped: Edge Wallet
2024-11-16T15:28:13.154Z P:2628 T:3172] SyncServiceImpl::ResetEngine,Reset engine with reason: 8
2024-11-16T15:28:13.156Z P:2628 T:3172] ModelLoadManager::Stop,Stopped: Bookmarks
2024-11-16T15:28:13.156Z P:2628 T:3172] ModelLoadManager::Stop,Stopped: Preferences
2024-11-16T15:28:13.157Z P:2628 T:3172] ModelLoadManager::Stop,Stopped: Passwords
2024-11-16T15:28:13.157Z P:2628 T:3172] ModelLoadManager::Stop,Stopped: Autofill Profiles
2024-11-16T15:28:13.157Z P:2628 T:3172] ModelLoadManager::Stop,Stopped: Autofill
2024-11-16T15:28:13.158Z P:2628 T:3172] ModelLoadManager::Stop,Stopped: Typed URLs
2024-11-16T15:28:13.158Z P:2628 T:3172] ModelLoadManager::Stop,Stopped: Extensions
2024-11-16T15:28:13.158Z P:2628 T:3172] ModelLoadManager::Stop,Stopped: Sessions
2024-11-16T15:28:13.158Z P:2628 T:3172] ModelLoadManager::Stop,Stopped: Extension settings
2024-11-16T15:28:13.158Z P:2628 T:3172] ModelLoadManager::Stop,Stopped: History Delete Directives
2024-11-16T15:28:13.158Z P:2628 T:3172] ModelLoadManager::Stop,Stopped: Device Info
2024-11-16T15:28:13.158Z P:2628 T:3172] ModelLoadManager::Stop,Stopped: User Consents
2024-11-16T15:28:13.158Z P:2628 T:3172] ModelLoadManager::Stop,Stopped: Send Tab To Self
2024-11-16T15:28:13.158Z P:2628 T:3172] ModelLoadManager::Stop,Stopped: Web Apps
2024-11-16T15:28:13.158Z P:2628 T:3172] ModelLoadManager::Stop,Stopped: History
2024-11-16T15:28:13.159Z P:2628 T:3172] ModelLoadManager::Stop,Stopped: Collection
2024-11-16T15:28:13.159Z P:2628 T:3172] ModelLoadManager::Stop,Stopped: Edge E Drop
2024-11-16T15:28:13.159Z P:2628 T:3172] ModelLoadManager::Stop,Stopped: Edge Hub App Usage
2024-11-16T15:28:13.159Z P:2628 T:3172] ModelLoadManager::Stop,Stopped: Edge Tab Group
2024-11-16T15:28:13.159Z P:2628 T:3172] ModelLoadManager::Stop,Stopped: Edge Wallet
2024-11-16T15:28:13.159Z P:2628 T:3172] SyncServiceImpl::Initialize,SyncState after authenticated was: NotSignedIn
2024-11-16T15:28:15.481Z P:2628 T:3172] SyncServiceImpl::ResetEngine,Reset engine with reason: 8
2024-11-16T15:28:15.481Z P:2628 T:3172] ModelLoadManager::Stop,Stopped: Bookmarks
2024-11-16T15:28:15.481Z P:2628 T:3172] ModelLoadManager::Stop,Stopped: Preferences
2024-11-16T15:28:15.481Z P:2628 T:3172] ModelLoadManager::Stop,Stopped: Passwords
2024-11-16T15:28:15.481Z P:2628 T:3172] ModelLoadManager::Stop,Stopped: Autofill Profiles
2024-11-16T15:28:15.481Z P:2628 T:3172] ModelLoadManager::Stop,Stopped: Autofill
2024-11-16T15:28:15.481Z P:2628 T:3172] ModelLoadManager::Stop,Stopped: Typed URLs
2024-11-16T15:28:15.481Z P:2628 T:3172] ModelLoadManager::Stop,Stopped: Extensions
2024-11-16T15:28:15.481Z P:2628 T:3172] ModelLoadManager::Stop,Stopped: Sessions
2024-11-16T15:28:15.481Z P:2628 T:3172] ModelLoadManager::Stop,Stopped: Extension settings
2024-11-16T15:28:15.481Z P:2628 T:3172] ModelLoadManager::Stop,Stopped: History Delete Directives
2024-11-16T15:28:15.481Z P:2628 T:3172] ModelLoadManager::Stop,Stopped: Device Info
2024-11-16T15:28:15.481Z P:2628 T:3172] ModelLoadManager::Stop,Stopped: User Consents
2024-11-16T15:28:15.481Z P:2628 T:3172] ModelLoadManager::Stop,Stopped: Send Tab To Self
2024-11-16T15:28:15.481Z P:2628 T:3172] ModelLoadManager::Stop,Stopped: Web Apps
2024-11-16T15:28:15.481Z P:2628 T:3172] ModelLoadManager::Stop,Stopped: History
2024-11-16T15:28:15.481Z P:2628 T:3172] ModelLoadManager::Stop,Stopped: Collection
2024-11-16T15:28:15.481Z P:2628 T:3172] ModelLoadManager::Stop,Stopped: Edge E Drop
2024-11-16T15:28:15.481Z P:2628 T:3172] ModelLoadManager::Stop,Stopped: Edge Hub App Usage
2024-11-16T15:28:15.481Z P:2628 T:3172] ModelLoadManager::Stop,Stopped: Edge Tab Group
2024-11-16T15:28:15.481Z P:2628 T:3172] ModelLoadManager::Stop,Stopped: Edge Wallet
2024-11-16T15:48:53.983Z P:12152 T:3968] SyncServiceImpl::ResetEngine,Reset engine with reason: 8
2024-11-16T15:48:53.983Z P:12152 T:3968] ModelLoadManager::Stop,Stopped: Bookmarks
2024-11-16T15:48:53.983Z P:12152 T:3968] ModelLoadManager::Stop,Stopped: Preferences
2024-11-16T15:48:53.983Z P:12152 T:3968] ModelLoadManager::Stop,Stopped: Passwords
2024-11-16T15:48:53.983Z P:12152 T:3968] ModelLoadManager::Stop,Stopped: Autofill Profiles
2024-11-16T15:48:53.983Z P:12152 T:3968] ModelLoadManager::Stop,Stopped: Autofill
2024-11-16T15:48:53.983Z P:12152 T:3968] ModelLoadManager::Stop,Stopped: Typed URLs
2024-11-16T15:48:53.983Z P:12152 T:3968] ModelLoadManager::Stop,Stopped: Extensions
2024-11-16T15:48:53.983Z P:12152 T:3968] ModelLoadManager::Stop,Stopped: Sessions
2024-11-16T15:48:53.983Z P:12152 T:3968] ModelLoadManager::Stop,Stopped: Extension settings
2024-11-16T15:48:53.983Z P:12152 T:3968] ModelLoadManager::Stop,Stopped: History Delete Directives
2024-11-16T15:48:53.983Z P:12152 T:3968] ModelLoadManager::Stop,Stopped: Device Info
2024-11-16T15:48:53.983Z P:12152 T:3968] ModelLoadManager::Stop,Stopped: User Consents
2024-11-16T15:48:53.983Z P:12152 T:3968] ModelLoadManager::Stop,Stopped: Send Tab To Self
2024-11-16T15:48:53.983Z P:12152 T:3968] ModelLoadManager::Stop,Stopped: Web Apps
2024-11-16T15:48:53.983Z P:12152 T:3968] ModelLoadManager::Stop,Stopped: History
2024-11-16T15:48:53.983Z P:12152 T:3968] ModelLoadManager::Stop,Stopped: Collection
2024-11-16T15:48:53.983Z P:12152 T:3968] ModelLoadManager::Stop,Stopped: Edge E Drop
2024-11-16T15:48:53.983Z P:12152 T:3968] ModelLoadManager::Stop,Stopped: Edge Hub App Usage
2024-11-16T15:48:53.983Z P:12152 T:3968] ModelLoadManager::Stop,Stopped: Edge Tab Group
2024-11-16T15:48:53.983Z P:12152 T:3968] ModelLoadManager::Stop,Stopped: Edge Wallet
2024-11-16T15:48:53.983Z P:12152 T:3968] SyncServiceImpl::Initialize,SyncState after authenticated was: NotSignedIn
2024-11-16T15:48:55.384Z P:12152 T:3968] SyncServiceImpl::ResetEngine,Reset engine with reason: 8
2024-11-16T15:48:55.384Z P:12152 T:3968] ModelLoadManager::Stop,Stopped: Bookmarks
2024-11-16T15:48:55.384Z P:12152 T:3968] ModelLoadManager::Stop,Stopped: Preferences
2024-11-16T15:48:55.384Z P:12152 T:3968] ModelLoadManager::Stop,Stopped: Passwords
2024-11-16T15:48:55.384Z P:12152 T:3968] ModelLoadManager::Stop,Stopped: Autofill Profiles
2024-11-16T15:48:55.384Z P:12152 T:3968] ModelLoadManager::Stop,Stopped: Autofill
2024-11-16T15:48:55.384Z P:12152 T:3968] ModelLoadManager::Stop,Stopped: Typed URLs
2024-11-16T15:48:55.384Z P:12152 T:3968] ModelLoadManager::Stop,Stopped: Extensions
2024-11-16T15:48:55.384Z P:12152 T:3968] ModelLoadManager::Stop,Stopped: Sessions
2024-11-16T15:48:55.384Z P:12152 T:3968] ModelLoadManager::Stop,Stopped: Extension settings
2024-11-16T15:48:55.384Z P:12152 T:3968] ModelLoadManager::Stop,Stopped: History Delete Directives
2024-11-16T15:48:55.384Z P:12152 T:3968] ModelLoadManager::Stop,Stopped: Device Info
2024-11-16T15:48:55.384Z P:12152 T:3968] ModelLoadManager::Stop,Stopped: User Consents
2024-11-16T15:48:55.384Z P:12152 T:3968] ModelLoadManager::Stop,Stopped: Send Tab To Self
2024-11-16T15:48:55.384Z P:12152 T:3968] ModelLoadManager::Stop,Stopped: Web Apps
2024-11-16T15:48:55.384Z P:12152 T:3968] ModelLoadManager::Stop,Stopped: History
2024-11-16T15:48:55.384Z P:12152 T:3968] ModelLoadManager::Stop,Stopped: Collection
2024-11-16T15:48:55.384Z P:12152 T:3968] ModelLoadManager::Stop,Stopped: Edge E Drop
2024-11-16T15:48:55.384Z P:12152 T:3968] ModelLoadManager::Stop,Stopped: Edge Hub App Usage
2024-11-16T15:48:55.384Z P:12152 T:3968] ModelLoadManager::Stop,Stopped: Edge Tab Group
2024-11-16T15:48:55.384Z P:12152 T:3968] ModelLoadManager::Stop,Stopped: Edge Wallet
2024-11-16T16:43:26.449Z P:12152 T:3968] SyncServiceImpl::ResetEngine,Reset engine with reason: 0
2024-11-16T17:06:20.384Z P:5416 T:4412] SyncServiceImpl::ResetEngine,Reset engine with reason: 8
2024-11-16T17:06:20.385Z P:5416 T:4412] ModelLoadManager::Stop,Stopped: Bookmarks
2024-11-16T17:06:20.385Z P:5416 T:4412] ModelLoadManager::Stop,Stopped: Preferences
2024-11-16T17:06:20.385Z P:5416 T:4412] ModelLoadManager::Stop,Stopped: Passwords
2024-11-16T17:06:20.385Z P:5416 T:4412] ModelLoadManager::Stop,Stopped: Autofill Profiles
2024-11-16T17:06:20.385Z P:5416 T:4412] ModelLoadManager::Stop,Stopped: Autofill
2024-11-16T17:06:20.385Z P:5416 T:4412] ModelLoadManager::Stop,Stopped: Typed URLs
2024-11-16T17:06:20.385Z P:5416 T:4412] ModelLoadManager::Stop,Stopped: Extensions
2024-11-16T17:06:20.385Z P:5416 T:4412] ModelLoadManager::Stop,Stopped: Sessions
2024-11-16T17:06:20.385Z P:5416 T:4412] ModelLoadManager::Stop,Stopped: Extension settings
2024-11-16T17:06:20.385Z P:5416 T:4412] ModelLoadManager::Stop,Stopped: History Delete Directives
2024-11-16T17:06:20.385Z P:5416 T:4412] ModelLoadManager::Stop,Stopped: Device Info
2024-11-16T17:06:20.385Z P:5416 T:4412] ModelLoadManager::Stop,Stopped: User Consents
2024-11-16T17:06:20.385Z P:5416 T:4412] ModelLoadManager::Stop,Stopped: Send Tab To Self
2024-11-16T17:06:20.385Z P:5416 T:4412] ModelLoadManager::Stop,Stopped: Web Apps
2024-11-16T17:06:20.385Z P:5416 T:4412] ModelLoadManager::Stop,Stopped: History
2024-11-16T17:06:20.385Z P:5416 T:4412] ModelLoadManager::Stop,Stopped: Collection
2024-11-16T17:06:20.385Z P:5416 T:4412] ModelLoadManager::Stop,Stopped: Edge E Drop
2024-11-16T17:06:20.385Z P:5416 T:4412] ModelLoadManager::Stop,Stopped: Edge Hub App Usage
2024-11-16T17:06:20.385Z P:5416 T:4412] ModelLoadManager::Stop,Stopped: Edge Tab Group
2024-11-16T17:06:20.385Z P:5416 T:4412] ModelLoadManager::Stop,Stopped: Edge Wallet
2024-11-16T17:06:20.385Z P:5416 T:4412] SyncServiceImpl::Initialize,SyncState after authenticated was: NotSignedIn
2024-11-16T17:06:22.945Z P:5416 T:4412] SyncServiceImpl::ResetEngine,Reset engine with reason: 8
2024-11-16T17:06:22.945Z P:5416 T:4412] ModelLoadManager::Stop,Stopped: Bookmarks
2024-11-16T17:06:22.945Z P:5416 T:4412] ModelLoadManager::Stop,Stopped: Preferences
2024-11-16T17:06:22.945Z P:5416 T:4412] ModelLoadManager::Stop,Stopped: Passwords
2024-11-16T17:06:22.945Z P:5416 T:4412] ModelLoadManager::Stop,Stopped: Autofill Profiles
2024-11-16T17:06:22.945Z P:5416 T:4412] ModelLoadManager::Stop,Stopped: Autofill
2024-11-16T17:06:22.945Z P:5416 T:4412] ModelLoadManager::Stop,Stopped: Typed URLs
2024-11-16T17:06:22.945Z P:5416 T:4412] ModelLoadManager::Stop,Stopped: Extensions
2024-11-16T17:06:22.945Z P:5416 T:4412] ModelLoadManager::Stop,Stopped: Sessions
2024-11-16T17:06:22.945Z P:5416 T:4412] ModelLoadManager::Stop,Stopped: Extension settings
2024-11-16T17:06:22.945Z P:5416 T:4412] ModelLoadManager::Stop,Stopped: History Delete Directives
2024-11-16T17:06:22.945Z P:5416 T:4412] ModelLoadManager::Stop,Stopped: Device Info
2024-11-16T17:06:22.945Z P:5416 T:4412] ModelLoadManager::Stop,Stopped: User Consents
2024-11-16T17:06:22.945Z P:5416 T:4412] ModelLoadManager::Stop,Stopped: Send Tab To Self
2024-11-16T17:06:22.945Z P:5416 T:4412] ModelLoadManager::Stop,Stopped: Web Apps
2024-11-16T17:06:22.945Z P:5416 T:4412] ModelLoadManager::Stop,Stopped: History
2024-11-16T17:06:22.945Z P:5416 T:4412] ModelLoadManager::Stop,Stopped: Collection
2024-11-16T17:06:22.945Z P:5416 T:4412] ModelLoadManager::Stop,Stopped: Edge E Drop
2024-11-16T17:06:22.945Z P:5416 T:4412] ModelLoadManager::Stop,Stopped: Edge Hub App Usage
2024-11-16T17:06:22.945Z P:5416 T:4412] ModelLoadManager::Stop,Stopped: Edge Tab Group
2024-11-16T17:06:22.945Z P:5416 T:4412] ModelLoadManager::Stop,Stopped: Edge Wallet
2024-11-17T06:57:07.960Z P:6912 T:6988] SyncServiceImpl::ResetEngine,Reset engine with reason: 8
2024-11-17T06:57:07.962Z P:6912 T:6988] ModelLoadManager::Stop,Stopped: Bookmarks
2024-11-17T06:57:07.962Z P:6912 T:6988] ModelLoadManager::Stop,Stopped: Preferences
2024-11-17T06:57:07.962Z P:6912 T:6988] ModelLoadManager::Stop,Stopped: Passwords
2024-11-17T06:57:07.962Z P:6912 T:6988] ModelLoadManager::Stop,Stopped: Autofill Profiles
2024-11-17T06:57:07.962Z P:6912 T:6988] ModelLoadManager::Stop,Stopped: Autofill
2024-11-17T06:57:07.963Z P:6912 T:6988] ModelLoadManager::Stop,Stopped: Typed URLs
2024-11-17T06:57:07.963Z P:6912 T:6988] ModelLoadManager::Stop,Stopped: Extensions
2024-11-17T06:57:07.963Z P:6912 T:6988] ModelLoadManager::Stop,Stopped: Sessions
2024-11-17T06:57:07.963Z P:6912 T:6988] ModelLoadManager::Stop,Stopped: Extension settings
2024-11-17T06:57:07.963Z P:6912 T:6988] ModelLoadManager::Stop,Stopped: History Delete Directives
2024-11-17T06:57:07.963Z P:6912 T:6988] ModelLoadManager::Stop,Stopped: Device Info
2024-11-17T06:57:07.963Z P:6912 T:6988] ModelLoadManager::Stop,Stopped: User Consents
2024-11-17T06:57:07.963Z P:6912 T:6988] ModelLoadManager::Stop,Stopped: Send Tab To Self
2024-11-17T06:57:07.963Z P:6912 T:6988] ModelLoadManager::Stop,Stopped: Web Apps
2024-11-17T06:57:07.963Z P:6912 T:6988] ModelLoadManager::Stop,Stopped: History
2024-11-17T06:57:07.963Z P:6912 T:6988] ModelLoadManager::Stop,Stopped: Collection
2024-11-17T06:57:07.963Z P:6912 T:6988] ModelLoadManager::Stop,Stopped: Edge E Drop
2024-11-17T06:57:07.963Z P:6912 T:6988] ModelLoadManager::Stop,Stopped: Edge Hub App Usage
2024-11-17T06:57:07.963Z P:6912 T:6988] ModelLoadManager::Stop,Stopped: Edge Tab Group
2024-11-17T06:57:07.963Z P:6912 T:6988] ModelLoadManager::Stop,Stopped: Edge Wallet
2024-11-17T06:57:07.963Z P:6912 T:6988] SyncServiceImpl::Initialize,SyncState after authenticated was: NotSignedIn
2024-11-17T06:57:11.881Z P:6912 T:6988] SyncServiceImpl::ResetEngine,Reset engine with reason: 8
2024-11-17T06:57:11.881Z P:6912 T:6988] ModelLoadManager::Stop,Stopped: Bookmarks
2024-11-17T06:57:11.881Z P:6912 T:6988] ModelLoadManager::Stop,Stopped: Preferences
2024-11-17T06:57:11.881Z P:6912 T:6988] ModelLoadManager::Stop,Stopped: Passwords
2024-11-17T06:57:11.881Z P:6912 T:6988] ModelLoadManager::Stop,Stopped: Autofill Profiles
2024-11-17T06:57:11.881Z P:6912 T:6988] ModelLoadManager::Stop,Stopped: Autofill
2024-11-17T06:57:11.881Z P:6912 T:6988] ModelLoadManager::Stop,Stopped: Typed URLs
2024-11-17T06:57:11.881Z P:6912 T:6988] ModelLoadManager::Stop,Stopped: Extensions
2024-11-17T06:57:11.881Z P:6912 T:6988] ModelLoadManager::Stop,Stopped: Sessions
2024-11-17T06:57:11.881Z P:6912 T:6988] ModelLoadManager::Stop,Stopped: Extension settings
2024-11-17T06:57:11.881Z P:6912 T:6988] ModelLoadManager::Stop,Stopped: History Delete Directives
2024-11-17T06:57:11.881Z P:6912 T:6988] ModelLoadManager::Stop,Stopped: Device Info
2024-11-17T06:57:11.881Z P:6912 T:6988] ModelLoadManager::Stop,Stopped: User Consents
2024-11-17T06:57:11.881Z P:6912 T:6988] ModelLoadManager::Stop,Stopped: Send Tab To Self
2024-11-17T06:57:11.881Z P:6912 T:6988] ModelLoadManager::Stop,Stopped: Web Apps
2024-11-17T06:57:11.881Z P:6912 T:6988] ModelLoadManager::Stop,Stopped: History
2024-11-17T06:57:11.881Z P:6912 T:6988] ModelLoadManager::Stop,Stopped: Collection
2024-11-17T06:57:11.881Z P:6912 T:6988] ModelLoadManager::Stop,Stopped: Edge E Drop
2024-11-17T06:57:11.881Z P:6912 T:6988] ModelLoadManager::Stop,Stopped: Edge Hub App Usage
2024-11-17T06:57:11.881Z P:6912 T:6988] ModelLoadManager::Stop,Stopped: Edge Tab Group
2024-11-17T06:57:11.881Z P:6912 T:6988] ModelLoadManager::Stop,Stopped: Edge Wallet
2024-11-17T07:01:56.752Z P:11076 T:8164] SyncServiceImpl::ResetEngine,Reset engine with reason: 8
2024-11-17T07:01:56.752Z P:11076 T:8164] ModelLoadManager::Stop,Stopped: Bookmarks
2024-11-17T07:01:56.752Z P:11076 T:8164] ModelLoadManager::Stop,Stopped: Preferences
2024-11-17T07:01:56.752Z P:11076 T:8164] ModelLoadManager::Stop,Stopped: Passwords
2024-11-17T07:01:56.752Z P:11076 T:8164] ModelLoadManager::Stop,Stopped: Autofill Profiles
2024-11-17T07:01:56.752Z P:11076 T:8164] ModelLoadManager::Stop,Stopped: Autofill
2024-11-17T07:01:56.752Z P:11076 T:8164] ModelLoadManager::Stop,Stopped: Typed URLs
2024-11-17T07:01:56.752Z P:11076 T:8164] ModelLoadManager::Stop,Stopped: Extensions
2024-11-17T07:01:56.752Z P:11076 T:8164] ModelLoadManager::Stop,Stopped: Sessions
2024-11-17T07:01:56.752Z P:11076 T:8164] ModelLoadManager::Stop,Stopped: Extension settings
2024-11-17T07:01:56.752Z P:11076 T:8164] ModelLoadManager::Stop,Stopped: History Delete Directives
2024-11-17T07:01:56.752Z P:11076 T:8164] ModelLoadManager::Stop,Stopped: Device Info
2024-11-17T07:01:56.752Z P:11076 T:8164] ModelLoadManager::Stop,Stopped: User Consents
2024-11-17T07:01:56.752Z P:11076 T:8164] ModelLoadManager::Stop,Stopped: Send Tab To Self
2024-11-17T07:01:56.752Z P:11076 T:8164] ModelLoadManager::Stop,Stopped: Web Apps
2024-11-17T07:01:56.752Z P:11076 T:8164] ModelLoadManager::Stop,Stopped: History
2024-11-17T07:01:56.752Z P:11076 T:8164] ModelLoadManager::Stop,Stopped: Collection
2024-11-17T07:01:56.752Z P:11076 T:8164] ModelLoadManager::Stop,Stopped: Edge E Drop
2024-11-17T07:01:56.752Z P:11076 T:8164] ModelLoadManager::Stop,Stopped: Edge Hub App Usage
2024-11-17T07:01:56.752Z P:11076 T:8164] ModelLoadManager::Stop,Stopped: Edge Tab Group
2024-11-17T07:01:56.752Z P:11076 T:8164] ModelLoadManager::Stop,Stopped: Edge Wallet
2024-11-17T07:01:56.753Z P:11076 T:8164] SyncServiceImpl::Initialize,SyncState after authenticated was: NotSignedIn
2024-11-17T07:01:59.031Z P:11076 T:8164] SyncServiceImpl::ResetEngine,Reset engine with reason: 8
2024-11-17T07:01:59.031Z P:11076 T:8164] ModelLoadManager::Stop,Stopped: Bookmarks
2024-11-17T07:01:59.031Z P:11076 T:8164] ModelLoadManager::Stop,Stopped: Preferences
2024-11-17T07:01:59.031Z P:11076 T:8164] ModelLoadManager::Stop,Stopped: Passwords
2024-11-17T07:01:59.031Z P:11076 T:8164] ModelLoadManager::Stop,Stopped: Autofill Profiles
2024-11-17T07:01:59.031Z P:11076 T:8164] ModelLoadManager::Stop,Stopped: Autofill
2024-11-17T07:01:59.031Z P:11076 T:8164] ModelLoadManager::Stop,Stopped: Typed URLs
2024-11-17T07:01:59.031Z P:11076 T:8164] ModelLoadManager::Stop,Stopped: Extensions
2024-11-17T07:01:59.031Z P:11076 T:8164] ModelLoadManager::Stop,Stopped: Sessions
2024-11-17T07:01:59.031Z P:11076 T:8164] ModelLoadManager::Stop,Stopped: Extension settings
2024-11-17T07:01:59.031Z P:11076 T:8164] ModelLoadManager::Stop,Stopped: History Delete Directives
2024-11-17T07:01:59.031Z P:11076 T:8164] ModelLoadManager::Stop,Stopped: Device Info
2024-11-17T07:01:59.031Z P:11076 T:8164] ModelLoadManager::Stop,Stopped: User Consents
2024-11-17T07:01:59.031Z P:11076 T:8164] ModelLoadManager::Stop,Stopped: Send Tab To Self
2024-11-17T07:01:59.031Z P:11076 T:8164] ModelLoadManager::Stop,Stopped: Web Apps
2024-11-17T07:01:59.031Z P:11076 T:8164] ModelLoadManager::Stop,Stopped: History
2024-11-17T07:01:59.031Z P:11076 T:8164] ModelLoadManager::Stop,Stopped: Collection
2024-11-17T07:01:59.031Z P:11076 T:8164] ModelLoadManager::Stop,Stopped: Edge E Drop
2024-11-17T07:01:59.031Z P:11076 T:8164] ModelLoadManager::Stop,Stopped: Edge Hub App Usage
2024-11-17T07:01:59.031Z P:11076 T:8164] ModelLoadManager::Stop,Stopped: Edge Tab Group
2024-11-17T07:01:59.031Z P:11076 T:8164] ModelLoadManager::Stop,Stopped: Edge Wallet
2024-11-17T09:51:43.136Z P:11076 T:8164] SyncServiceImpl::ResetEngine,Reset engine with reason: 0
